
<!DOCTYPE html>
<html>


<head>
	<meta charset='UTF-8' /> 
	<meta name='description' content='' />
	<meta name='robots' content='noodp, noydir' />
	<meta name='viewport' content='width=device-width, initial-scale=1' />
	<meta id="timeStampFormat" name="timeStampFormat" content='MMM d, yyyy hh:mm:ss a'/>
	
	<link href='https://fonts.googleapis.com/css?family=Source+Sans+Pro:400,600' rel='stylesheet' type='text/css' />
	<link href="https://fonts.googleapis.com/icon?family=Material+Icons" rel="stylesheet" />

		<link href='https://cdn.rawgit.com/anshooarora/extentreports-java/b4a58fcfd1e137bd9287244035a7c80d3d73b3af/dist/css/extent.css' type='text/css' rel='stylesheet' />
	
	<title>SDET coding challenge - Page Object Model framework with Cucumber report</title>

	<style type='text/css'>
			
      
        
      
    
	</style>
</head>

	<body class='extent standard default hide-overflow bdd-report'>
		<div id='theme-selector' alt='Click to toggle theme. To enable by default, use theme configuration.' title='Click to toggle theme. To enable by default, use theme configuration.'>
			<span><i class='material-icons'>desktop_windows</i></span>
		</div>

<nav>
	<div class="nav-wrapper">
		<a href="#!" class="brand-logo blue darken-3">Extent</a>

		<!-- slideout menu -->
		<ul id='slide-out' class='side-nav fixed hide-on-med-and-down'>
			<li class='waves-effect active'><a href='#!' view='test-view' onclick="configureView(0);chartsView('test');"><i class='material-icons'>dashboard</i></a></li>
						<li class='waves-effect'><a href='#!' view='category-view' onclick="configureView(1)"><i class='material-icons'>label_outline</i></a></li>
			<li class='waves-effect'><a href='#!' view='exception-view' onclick="configureView(2)"><i class='material-icons'>bug_report</i></a></li>
			<li class='waves-effect'><a href='#!' onclick="configureView(-1);chartsView('dashboard');" view='dashboard-view'><i class='material-icons'>track_changes</i></i></a></li>
		</ul>

		<!-- report name -->
		<span class='report-name'>SDET coding challenge - Page Object Model framework with Cucumber report</span>
		
		<!-- report headline -->
		<span class='report-headline'></span>

		<!-- nav-right -->
		<ul id='nav-mobile' class='right hide-on-med-and-down nav-right'>
			<li>
                <a href='#!'>
                    <span class='label suite-start-time blue darken-3'>Feb 25, 2020 08:26:39 PM</span>
				</a>
			</li>
			<li>
                <a href='#!'>
                    <span class='label blue darken-3'>3.1.5</span>
				</a>
			</li>
		</ul>
	</div>
</nav>

		<!-- container -->
		<div class='container'>

<div id='test-view' class='view'>
				
	<section id='controls'>
		<div class='controls grey lighten-4'>
			<!-- test toggle -->
			<div class='chip transparent'>
				<a class='dropdown-button tests-toggle' data-activates='tests-toggle' data-constrainwidth='true' data-beloworigin='true' data-hover='true' href='#'>
					<i class='material-icons'>warning</i> Status
				</a>
				<ul id='tests-toggle' class='dropdown-content'>
											<li status='pass'><a href='#!'>Pass <i class='material-icons green-text'>check_circle</i></a></li>
						<li status='fail'><a href='#!'>Fail <i class='material-icons red-text'>cancel</i></a></li>
						<li status='skip'><a href='#!'>Skip <i class='material-icons cyan-text'>redo</i></a></li>
					<li class='divider'></li>
					<li status='clear' clear='true'><a href='#!'>Clear Filters <i class='material-icons'>clear</i></a></li>
				</ul>
			</div>
			<!-- test toggle -->

			<!-- category toggle -->
			<div class='chip transparent'>
				<a class='dropdown-button category-toggle' data-activates='category-toggle' data-constrainwidth='false' data-beloworigin='true' data-hover='true' href='#'>
					<i class='material-icons'>local_offer</i> Category
				</a>
				<ul id='category-toggle' class='dropdown-content'>
					<li><a href='#'>@FunctionalTest</a></li>
					<li class='divider'></li>
					<li class='clear'><a href='#!' clear='true'>Clear Filters</a></li>
				</ul>
			</div>
			<!-- category toggle -->

			<!-- clear filters -->
			<div class='chip transparent hide'>
				<a class='' id='clear-filters' alt='Clear Filters' title='Clear Filters'>
					<i class='material-icons'>close</i> Clear
				</a>
			</div>
			<!-- clear filters -->

			<!-- enable dashboard -->
			<div id='toggle-test-view-charts' class='chip transparent'>
				<a class='pink-text' id='enable-dashboard' alt='Enable Dashboard' title='Enable Dashboard'>
					<i class='material-icons'>track_changes</i> Dashboard
				</a>
			</div>
			<!-- enable dashboard -->

			<!-- search -->
			<div class='chip transparent' alt='Search Tests' title='Search Tests'>
				<a href="#" class='search-div'>
					<i class='material-icons'>search</i> Search
				</a>

				<div class='input-field left hide'>
					<input id='search-tests' type='text' class='validate browser-default' placeholder='Search Tests...'>
				</div>
				
			</div>
			<!-- search -->
		</div>
	</section>


<div id='test-view-charts' class='subview-full'>
	<div id='charts-row' class='row nm-v nm-h'>
		<div class='col s12 m4 l4 np-h'>
			<div class='card-panel nm-v'>
				<div class='left panel-name'>Features</div>
				<div class='chart-box'>
					<canvas id='parent-analysis' width='100' height='80'></canvas>
				</div>
				<div class='block text-small'>
					<span class='tooltipped' data-position='top' data-tooltip='23.077%'><span class='strong'>3</span> feature(s) passed</span>
				</div>
				<div class='block text-small'>
					<span class='strong tooltipped' data-position='top' data-tooltip='38.462%'>5</span> feature(s) failed, <span class='strong tooltipped' data-position='top' data-tooltip='38.462%'>5</span> others
				</div>
			</div>
		</div>
		
		<div class='col s12 m4 l4 np-h'>
			<div class='card-panel nm-v'>
				<div class='left panel-name'>Scenarios</div>
				<div class='chart-box'>
					<canvas id='child-analysis' width='100' height='80'></canvas>
				</div>
				<div class='block text-small'>
					<span class='tooltipped' data-position='top' data-tooltip='33.333%'><span class='strong'>5</span> scenario(s) passed</span>
				</div>
				<div class='block text-small'>
					<span class='strong tooltipped' data-position='top' data-tooltip='33.333%'>5</span> scenario(s) failed, <span class='strong tooltipped' data-position='top' data-tooltip='33.333%'>5</span> others
				</div>
			</div>
		</div>
		
		<div class='col s12 m4 l4 np-h'>
			<div class='card-panel nm-v'>
				<div class='left panel-name'>Steps</div>
				<div class='chart-box'>
					<canvas id='grandchild-analysis' width='100' height='80'></canvas>
				</div>
				<div class='block text-small'>
					<span class='tooltipped' data-position='top' data-tooltip='56.923%'><span class='strong'>37</span> step(s) passed</span>
				</div>
				<div class='block text-small'>
					<span class='strong tooltipped' data-position='top' data-tooltip='7.692%'>5</span> step(s) failed, <span class='strong tooltipped' data-position='top' data-tooltip='35.385%'>23</span> others
				</div>
			</div>
		</div>
	</div>
</div>

	<div class='subview-left left'>
		
		<div class='view-summary'>
			<h5>Features</h5>
			<ul id='test-collection' class='test-collection'>
				
				
				<li class='test displayed active has-leaf pass' status='pass' bdd='true' test-id='1'>
					<div class='test-heading'>
						<span class='test-name'>Display live camera details</span>
						<span class='test-time'>Feb 25, 2020 08:26:39 PM</span>
						<span class='test-status right pass'>pass</span>
					</div>
					<div class='test-content hide'>
<div class='scenario node' test-id='2' status='pass'>
	<div class='category-list'>
		<span class='category label white-text'>@FunctionalTest</span>
	</div>
	<span class='duration right label'>0h 0m 45s+777ms</span>
	<div class='desc'>
		<b>Scenario</b>
		<span class="desc-text">Test 001 -Select a camera from Info panel cameras list</span>
	</div>
	<ul class='steps'>
		<li test-id='3' class='node given pass' status='pass'>
			
			<b>Given</b>
			
			<span class="bdd-step-name">Given User already navigated to url</span>
				<div class='pre'>passed</div>
			
		</li>
		<li test-id='4' class='node then pass' status='pass'>
			
			<b>Then</b>
			
			<span class="bdd-step-name">Then User clicks on Live button</span>
				<div class='pre'>passed</div>
			
		</li>
		<li test-id='5' class='node then pass' status='pass'>
			
			<b>Then</b>
			
			<span class="bdd-step-name">Then User clicks Cameras button on Live panel</span>
				<div class='pre'>passed</div>
			
		</li>
		<li test-id='6' class='node then pass' status='pass'>
			
			<b>Then</b>
			
			<span class="bdd-step-name">Then User clicks on a camera</span>
				<div class='pre'>passed</div>
			
		</li>
		<li test-id='7' class='node then pass' status='pass'>
			
			<b>Then</b>
			
			<span class="bdd-step-name">Then Display camera popup with correct camera name</span>
				<div class='pre'>passed</div>
			
		</li>
	</ul>
</div>
<div class='scenario node' test-id='8' status='pass'>
	<div class='category-list'>
		<span class='category label white-text'>@FunctionalTest</span>
	</div>
	<span class='duration right label'>0h 0m 43s+392ms</span>
	<div class='desc'>
		<b>Scenario</b>
		<span class="desc-text">Test 002 - Select a camera from Info panel cameras list</span>
	</div>
	<ul class='steps'>
		<li test-id='9' class='node given pass' status='pass'>
			
			<b>Given</b>
			
			<span class="bdd-step-name">Given User already navigated to url</span>
				<div class='pre'>passed</div>
			
		</li>
		<li test-id='10' class='node then pass' status='pass'>
			
			<b>Then</b>
			
			<span class="bdd-step-name">Then User clicks on Live button</span>
				<div class='pre'>passed</div>
			
		</li>
		<li test-id='11' class='node then pass' status='pass'>
			
			<b>Then</b>
			
			<span class="bdd-step-name">Then User clicks Cameras button on Live panel</span>
				<div class='pre'>passed</div>
			
		</li>
		<li test-id='12' class='node then pass' status='pass'>
			
			<b>Then</b>
			
			<span class="bdd-step-name">Then User clicks on a camera</span>
				<div class='pre'>passed</div>
			
		</li>
		<li test-id='13' class='node then pass' status='pass'>
			
			<b>Then</b>
			
			<span class="bdd-step-name">Then Display camera popup with correct camera name</span>
				<div class='pre'>passed</div>
			
		</li>
	</ul>
</div>
<div class='scenario node' test-id='14' status='pass'>
	<div class='category-list'>
		<span class='category label white-text'>@FunctionalTest</span>
	</div>
	<span class='duration right label'>0h 0m 44s+598ms</span>
	<div class='desc'>
		<b>Scenario</b>
		<span class="desc-text">Test 003 - Select a camera from Info panel cameras list</span>
	</div>
	<ul class='steps'>
		<li test-id='15' class='node given pass' status='pass'>
			
			<b>Given</b>
			
			<span class="bdd-step-name">Given User already navigated to url</span>
				<div class='pre'>passed</div>
			
		</li>
		<li test-id='16' class='node then pass' status='pass'>
			
			<b>Then</b>
			
			<span class="bdd-step-name">Then User clicks on Live button</span>
				<div class='pre'>passed</div>
			
		</li>
		<li test-id='17' class='node then pass' status='pass'>
			
			<b>Then</b>
			
			<span class="bdd-step-name">Then User clicks Cameras button on Live panel</span>
				<div class='pre'>passed</div>
			
		</li>
		<li test-id='18' class='node then pass' status='pass'>
			
			<b>Then</b>
			
			<span class="bdd-step-name">Then User clicks on a camera</span>
				<div class='pre'>passed</div>
			
		</li>
		<li test-id='19' class='node then pass' status='pass'>
			
			<b>Then</b>
			
			<span class="bdd-step-name">Then Display camera popup with correct camera name</span>
				<div class='pre'>passed</div>
			
		</li>
	</ul>
</div>
					</div>
				</li>
				
				
				<li class='test displayed active has-leaf pass' status='pass' bdd='true' test-id='20'>
					<div class='test-heading'>
						<span class='test-name'>Display live incident details</span>
						<span class='test-time'>Feb 25, 2020 08:28:57 PM</span>
						<span class='test-status right pass'>pass</span>
					</div>
					<div class='test-content hide'>
<div class='scenario node' test-id='21' status='pass'>
	<div class='category-list'>
		<span class='category label white-text'>@FunctionalTest</span>
	</div>
	<span class='duration right label'>0h 0m 13s+187ms</span>
	<div class='desc'>
		<b>Scenario</b>
		<span class="desc-text">Select an incident from Info panel incident list</span>
	</div>
	<ul class='steps'>
		<li test-id='22' class='node given pass' status='pass'>
			
			<b>Given</b>
			
			<span class="bdd-step-name">Given User already navigated to url</span>
				<div class='pre'>passed</div>
			
		</li>
		<li test-id='23' class='node then pass' status='pass'>
			
			<b>Then</b>
			
			<span class="bdd-step-name">Then User clicks on Live button</span>
				<div class='pre'>passed</div>
			
		</li>
		<li test-id='24' class='node then pass' status='pass'>
			
			<b>Then</b>
			
			<span class="bdd-step-name">Then User clicks Incidents button on Live panel</span>
				<div class='pre'>passed</div>
			
		</li>
		<li test-id='25' class='node then pass' status='pass'>
			
			<b>Then</b>
			
			<span class="bdd-step-name">Then User clicks on an incident</span>
				<div class='pre'>passed</div>
			
		</li>
		<li test-id='26' class='node then pass' status='pass'>
			
			<b>Then</b>
			
			<span class="bdd-step-name">Then Display popup with correct incident details</span>
				<div class='pre'>passed</div>
			
		</li>
	</ul>
</div>
					</div>
				</li>
				
				
				<li class='test displayed active has-leaf skip' status='skip' bdd='true' test-id='27'>
					<div class='test-heading'>
						<span class='test-name'>Info panel live tolls</span>
						<span class='test-time'>Feb 25, 2020 08:29:13 PM</span>
						<span class='test-status right skip'>skip</span>
					</div>
					<div class='test-content hide'>
<div class='scenario node' test-id='28' status='skip'>
	<div class='category-list'>
		<span class='category label white-text'>@FunctionalTest</span>
	</div>
	<span class='duration right label'>0h 1m 6s+599ms</span>
	<div class='desc'>
		<b>Scenario</b>
		<span class="desc-text">Check toll details from info panel - live tolls</span>
	</div>
	<ul class='steps'>
		<li test-id='29' class='node given skip' status='skip'>
			
			<b>Given</b>
			
			<span class="bdd-step-name">Given User already navigated to url</span>
				<div class='pre'>skipped</div>
			
		</li>
		<li test-id='30' class='node then skip' status='skip'>
			
			<b>Then</b>
			
			<span class="bdd-step-name">Then User clicks on Live button</span>
				<div class='pre'>skipped</div>
			
		</li>
		<li test-id='31' class='node then skip' status='skip'>
			
			<b>Then</b>
			
			<span class="bdd-step-name">Then User clicks Tolls button on Live panel</span>
				<div class='pre'>skipped</div>
			
		</li>
		<li test-id='32' class='node then skip' status='skip'>
			
			<b>Then</b>
			
			<span class="bdd-step-name">Then User clicks on a toll</span>
				<div class='pre'>skipped</div>
			
		</li>
		<li test-id='33' class='node then skip' status='skip'>
			
			<b>Then</b>
			
			<span class="bdd-step-name">Then Display toll popup with correct toll name</span>
				<div class='pre'>skipped</div>
			
		</li>
	</ul>
</div>
					</div>
				</li>
				
				
				<li class='test displayed active has-leaf fail' status='fail' bdd='true' test-id='34'>
					<div class='test-heading'>
						<span class='test-name'>Map camera details view</span>
						<span class='test-time'>Feb 25, 2020 08:30:19 PM</span>
						<span class='test-status right fail'>fail</span>
					</div>
					<div class='test-content hide'>
<div class='scenario node' test-id='35' status='fail'>
	<div class='category-list'>
		<span class='category label white-text'>@FunctionalTest</span>
	</div>
	<span class='duration right label'>0h 1m 12s+433ms</span>
	<div class='desc'>
		<b>Scenario</b>
		<span class="desc-text">Display camera details view of map</span>
	</div>
	<ul class='steps'>
		<li test-id='36' class='node given pass' status='pass'>
			
			<b>Given</b>
			
			<span class="bdd-step-name">Given User already navigated to url</span>
				<div class='pre'>passed</div>
			
		</li>
		<li test-id='37' class='node then pass' status='pass'>
			
			<b>Then</b>
			
			<span class="bdd-step-name">Then User clicks on Cameras button</span>
				<div class='pre'>passed</div>
			
		</li>
		<li test-id='38' class='node then fail' status='fail'>
			
			<b>Then</b>
			
			<span class="bdd-step-name">Then Display cameras view on map</span>
				<div class='pre'><pre>java.lang.AssertionError: Camera icons are not displayed
	at org.testng.Assert.fail(Assert.java:96)
	at org.testng.Assert.assertNotEquals(Assert.java:1157)
	at com.mapsynq.test.desktop.stepdefinitions.MapCamerasViewStepDefinition.display_cameras_view_on_map(MapCamerasViewStepDefinition.java:26)
	at ?.Then Display cameras view on map(MapCamerasView.feature:8)
</pre></div>
			
		</li>
	</ul>
</div>
					</div>
				</li>
				
				
				<li class='test displayed active has-leaf fail' status='fail' bdd='true' test-id='39'>
					<div class='test-heading'>
						<span class='test-name'>Map incident details view</span>
						<span class='test-time'>Feb 25, 2020 08:31:34 PM</span>
						<span class='test-status right fail'>fail</span>
					</div>
					<div class='test-content hide'>
<div class='scenario node' test-id='40' status='fail'>
	<div class='category-list'>
		<span class='category label white-text'>@FunctionalTest</span>
	</div>
	<span class='duration right label'>0h 2m 42s+772ms</span>
	<div class='desc'>
		<b>Scenario</b>
		<span class="desc-text">Display incident details view of map</span>
	</div>
	<ul class='steps'>
		<li test-id='41' class='node given pass' status='pass'>
			
			<b>Given</b>
			
			<span class="bdd-step-name">Given User already navigated to url</span>
				<div class='pre'>passed</div>
			
		</li>
		<li test-id='42' class='node then pass' status='pass'>
			
			<b>Then</b>
			
			<span class="bdd-step-name">Then User clicks on Incidents button</span>
				<div class='pre'>passed</div>
			
		</li>
		<li test-id='43' class='node then fail' status='fail'>
			
			<b>Then</b>
			
			<span class="bdd-step-name">Then Display incidents view on map</span>
				<div class='pre'><pre>java.lang.AssertionError: Incident icons are not displayed
	at org.testng.Assert.fail(Assert.java:96)
	at org.testng.Assert.assertNotEquals(Assert.java:1157)
	at com.mapsynq.test.desktop.stepdefinitions.MapIncidentsViewStepDefinition.display_incidents_view_on_map(MapIncidentsViewStepDefinition.java:27)
	at ?.Then Display incidents view on map(MapIncidentsView.feature:8)
</pre></div>
			
		</li>
	</ul>
</div>
					</div>
				</li>
				
				
				<li class='test displayed active has-leaf fail' status='fail' bdd='true' test-id='44'>
					<div class='test-heading'>
						<span class='test-name'>Map parking details view</span>
						<span class='test-time'>Feb 25, 2020 08:34:17 PM</span>
						<span class='test-status right fail'>fail</span>
					</div>
					<div class='test-content hide'>
<div class='scenario node' test-id='45' status='fail'>
	<div class='category-list'>
		<span class='category label white-text'>@FunctionalTest</span>
	</div>
	<span class='duration right label'>0h 0m 42s+221ms</span>
	<div class='desc'>
		<b>Scenario</b>
		<span class="desc-text">Display parking details view of map</span>
	</div>
	<ul class='steps'>
		<li test-id='46' class='node given pass' status='pass'>
			
			<b>Given</b>
			
			<span class="bdd-step-name">Given User already navigated to url</span>
				<div class='pre'>passed</div>
			
		</li>
		<li test-id='47' class='node then pass' status='pass'>
			
			<b>Then</b>
			
			<span class="bdd-step-name">Then User clicks on Parking button</span>
				<div class='pre'>passed</div>
			
		</li>
		<li test-id='48' class='node then fail' status='fail'>
			
			<b>Then</b>
			
			<span class="bdd-step-name">Then Display parking view on map</span>
				<div class='pre'><pre>java.lang.AssertionError: Parking icons are not displayed
	at org.testng.Assert.fail(Assert.java:96)
	at org.testng.Assert.assertNotEquals(Assert.java:1157)
	at com.mapsynq.test.desktop.stepdefinitions.MapParkingViewStepDefinition.display_parking_view_on_map(MapParkingViewStepDefinition.java:26)
	at ?.Then Display parking view on map(MapParkingView.feature:8)
</pre></div>
			
		</li>
	</ul>
</div>
					</div>
				</li>
				
				
				<li class='test displayed active has-leaf fail' status='fail' bdd='true' test-id='49'>
					<div class='test-heading'>
						<span class='test-name'>Map tolls details view</span>
						<span class='test-time'>Feb 25, 2020 08:35:00 PM</span>
						<span class='test-status right fail'>fail</span>
					</div>
					<div class='test-content hide'>
<div class='scenario node' test-id='50' status='fail'>
	<div class='category-list'>
		<span class='category label white-text'>@FunctionalTest</span>
	</div>
	<span class='duration right label'>0h 1m 12s+684ms</span>
	<div class='desc'>
		<b>Scenario</b>
		<span class="desc-text">Display tolls details view of map</span>
	</div>
	<ul class='steps'>
		<li test-id='51' class='node given pass' status='pass'>
			
			<b>Given</b>
			
			<span class="bdd-step-name">Given User already navigated to url</span>
				<div class='pre'>passed</div>
			
		</li>
		<li test-id='52' class='node then pass' status='pass'>
			
			<b>Then</b>
			
			<span class="bdd-step-name">Then User clicks on Tolls button</span>
				<div class='pre'>passed</div>
			
		</li>
		<li test-id='53' class='node then fail' status='fail'>
			
			<b>Then</b>
			
			<span class="bdd-step-name">Then Display tolls view on map</span>
				<div class='pre'><pre>java.lang.AssertionError: Tolls icons are not displayed
	at org.testng.Assert.fail(Assert.java:96)
	at org.testng.Assert.assertNotEquals(Assert.java:1157)
	at com.mapsynq.test.desktop.stepdefinitions.MapTollsViewStepDefinition.display_tolls_view_on_map(MapTollsViewStepDefinition.java:26)
	at ?.Then Display tolls view on map(MapTollsView.feature:8)
</pre></div>
			
		</li>
	</ul>
</div>
					</div>
				</li>
				
				
				<li class='test displayed active has-leaf skip' status='skip' bdd='true' test-id='54'>
					<div class='test-heading'>
						<span class='test-name'>Map traffic details view</span>
						<span class='test-time'>Feb 25, 2020 08:36:15 PM</span>
						<span class='test-status right skip'>skip</span>
					</div>
					<div class='test-content hide'>
<div class='scenario node' test-id='55' status='skip'>
	<div class='category-list'>
		<span class='category label white-text'>@FunctionalTest</span>
	</div>
	<span class='duration right label'>0h 1m 6s+506ms</span>
	<div class='desc'>
		<b>Scenario</b>
		<span class="desc-text">Display traffic details view of map</span>
	</div>
	<ul class='steps'>
		<li test-id='56' class='node given skip' status='skip'>
			
			<b>Given</b>
			
			<span class="bdd-step-name">Given User already navigated to url</span>
				<div class='pre'>skipped</div>
			
		</li>
		<li test-id='57' class='node then skip' status='skip'>
			
			<b>Then</b>
			
			<span class="bdd-step-name">Then User clicks on Traffic button</span>
				<div class='pre'>skipped</div>
			
		</li>
		<li test-id='58' class='node then skip' status='skip'>
			
			<b>Then</b>
			
			<span class="bdd-step-name">Then Display traffic view on map</span>
				<div class='pre'>skipped</div>
			
		</li>
	</ul>
</div>
					</div>
				</li>
				
				
				<li class='test displayed active has-leaf pass' status='pass' bdd='true' test-id='59'>
					<div class='test-heading'>
						<span class='test-name'>Create new mapSYNQ account</span>
						<span class='test-time'>Feb 25, 2020 08:37:21 PM</span>
						<span class='test-status right pass'>pass</span>
					</div>
					<div class='test-content hide'>
<div class='scenario node' test-id='60' status='pass'>
	<div class='category-list'>
		<span class='category label white-text'>@FunctionalTest</span>
	</div>
	<span class='duration right label'>0h 0m 18s+845ms</span>
	<div class='desc'>
		<b>Scenario</b>
		<span class="desc-text">Create new mapSYNQ account using valid data</span>
	</div>
	<ul class='steps'>
		<li test-id='61' class='node given pass' status='pass'>
			
			<b>Given</b>
			
			<span class="bdd-step-name">Given User already navigated to url</span>
				<div class='pre'>passed</div>
			
		</li>
		<li test-id='62' class='node when pass' status='pass'>
			
			<b>When</b>
			
			<span class="bdd-step-name">When User clicks on Register link</span>
				<div class='pre'>passed</div>
			
		</li>
		<li test-id='63' class='node then pass' status='pass'>
			
			<b>Then</b>
			
			<span class="bdd-step-name">Then Directs user to Register page</span>
				<div class='pre'>passed</div>
			
		</li>
		<li test-id='64' class='node then pass' status='pass'>
			
			<b>Then</b>
			
			<span class="bdd-step-name">Then User enters valid details and click on create profile button</span>
				<div class='pre'>passed</div>
			
		</li>
		<li test-id='65' class='node then pass' status='pass'>
			
			<b>Then</b>
			
			<span class="bdd-step-name">Then System registers new user successfully</span>
				<div class='pre'>passed</div>
			
		</li>
	</ul>
</div>
					</div>
				</li>
				
				
				<li class='test displayed active has-leaf fail' status='fail' bdd='true' test-id='66'>
					<div class='test-heading'>
						<span class='test-name'>Sign in using username and password</span>
						<span class='test-time'>Feb 25, 2020 08:37:41 PM</span>
						<span class='test-status right fail'>fail</span>
					</div>
					<div class='test-content hide'>
<div class='scenariooutline node' test-id='67' status='fail'>
	<span class='duration right label'>0h 0m 48s+37ms</span>
	<div class='desc'>
		<b>ScenarioOutline</b>
		<span class="desc-text">Sign in using valid username and password</span>
	</div>
	<ul class='steps'>
		<li test-id='68' class='node scenario fail' status='fail'>
			<div class='category-list'>
				<span class='category label white-text'>@FunctionalTest</span>
			</div>
			
			<b>Scenario</b>
			
			<span class="bdd-step-name">Sign in using valid username and password</span>
			
				<ul class='steps'>
					<li test-id='69' class='node given pass' status='pass'><b>Given</b>
						<span class="bdd-step-name">Given User already navigated to url</span>
							<div class='pre'>passed</div>
					</li>
					<li test-id='70' class='node when pass' status='pass'><b>When</b>
						<span class="bdd-step-name">When User clicks on Sign in link</span>
							<div class='pre'>passed</div>
					</li>
					<li test-id='71' class='node then pass' status='pass'><b>Then</b>
						<span class="bdd-step-name">Then Directs user to Sign in page</span>
							<div class='pre'>passed</div>
					</li>
					<li test-id='72' class='node then pass' status='pass'><b>Then</b>
						<span class="bdd-step-name">Then User enters valid "nirajneeru2009@gmail.com" and "test1234" click on sign-in button</span>
							<div class='pre'>passed</div>
					</li>
					<li test-id='73' class='node then fail' status='fail'><b>Then</b>
						<span class="bdd-step-name">Then User Sign in successfully</span>
							<div class='pre'><pre>org.openqa.selenium.NoSuchElementException: no such element: Unable to locate element: {"method":"xpath","selector":"//a[@href='/home/profile']"}
  (Session info: chrome=79.0.3945.130)
  (Driver info: chromedriver=2.37.544315 (730aa6a5fdba159ac9f4c1e8cbc59bf1b5ce12b7),platform=Windows NT 6.1.7601 SP1 x86_64) (WARNING: The server did not provide any stacktrace information)
Command duration or timeout: 0 milliseconds
For documentation on this error, please visit: http://seleniumhq.org/exceptions/no_such_element.html
Build info: version: '3.11.0', revision: 'e59cfb3', time: '2018-03-11T20:26:55.152Z'
System info: host: 'NIRAJ-PC', ip: '192.168.0.101', os.name: 'Windows 7', os.arch: 'amd64', os.version: '6.1', java.version: '1.8.0_131'
Driver info: org.openqa.selenium.chrome.ChromeDriver
Capabilities {acceptInsecureCerts: false, acceptSslCerts: false, applicationCacheEnabled: false, browserConnectionEnabled: false, browserName: chrome, chrome: {chromedriverVersion: 2.37.544315 (730aa6a5fdba15..., userDataDir: C:\Users\Niraj\AppData\Loca...}, cssSelectorsEnabled: true, databaseEnabled: false, handlesAlerts: true, hasTouchScreen: false, javascriptEnabled: true, locationContextEnabled: true, mobileEmulationEnabled: false, nativeEvents: true, networkConnectionEnabled: false, pageLoadStrategy: normal, platform: XP, platformName: XP, rotatable: false, setWindowRect: true, takesHeapSnapshot: true, takesScreenshot: true, unexpectedAlertBehaviour: , unhandledPromptBehavior: , version: 79.0.3945.130, webStorageEnabled: true}
Session ID: be4f9707605dad9234c2745c0b7235da
*** Element info: {Using=xpath, value=//a[@href='/home/profile']}
	at sun.reflect.NativeConstructorAccessorImpl.newInstance0(Native Method)
	at sun.reflect.NativeConstructorAccessorImpl.newInstance(NativeConstructorAccessorImpl.java:62)
	at sun.reflect.DelegatingConstructorAccessorImpl.newInstance(DelegatingConstructorAccessorImpl.java:45)
	at java.lang.reflect.Constructor.newInstance(Constructor.java:423)
	at org.openqa.selenium.remote.ErrorHandler.createThrowable(ErrorHandler.java:214)
	at org.openqa.selenium.remote.ErrorHandler.throwIfResponseFailed(ErrorHandler.java:166)
	at org.openqa.selenium.remote.http.JsonHttpResponseCodec.reconstructValue(JsonHttpResponseCodec.java:40)
	at org.openqa.selenium.remote.http.AbstractHttpResponseCodec.decode(AbstractHttpResponseCodec.java:80)
	at org.openqa.selenium.remote.http.AbstractHttpResponseCodec.decode(AbstractHttpResponseCodec.java:44)
	at org.openqa.selenium.remote.HttpCommandExecutor.execute(HttpCommandExecutor.java:158)
	at org.openqa.selenium.remote.service.DriverCommandExecutor.execute(DriverCommandExecutor.java:83)
	at org.openqa.selenium.remote.RemoteWebDriver.execute(RemoteWebDriver.java:545)
	at org.openqa.selenium.remote.RemoteWebDriver.findElement(RemoteWebDriver.java:319)
	at org.openqa.selenium.remote.RemoteWebDriver.findElementByXPath(RemoteWebDriver.java:421)
	at org.openqa.selenium.By$ByXPath.findElement(By.java:361)
	at org.openqa.selenium.remote.RemoteWebDriver.findElement(RemoteWebDriver.java:311)
	at sun.reflect.GeneratedMethodAccessor8.invoke(Unknown Source)
	at sun.reflect.DelegatingMethodAccessorImpl.invoke(DelegatingMethodAccessorImpl.java:43)
	at java.lang.reflect.Method.invoke(Method.java:498)
	at org.openqa.selenium.support.events.EventFiringWebDriver.lambda$new$1(EventFiringWebDriver.java:103)
	at com.sun.proxy.$Proxy18.findElement(Unknown Source)
	at org.openqa.selenium.support.events.EventFiringWebDriver.findElement(EventFiringWebDriver.java:186)
	at org.openqa.selenium.support.pagefactory.DefaultElementLocator.findElement(DefaultElementLocator.java:69)
	at org.openqa.selenium.support.pagefactory.internal.LocatingElementHandler.invoke(LocatingElementHandler.java:38)
	at com.sun.proxy.$Proxy21.getText(Unknown Source)
	at com.mapsynq.test.desktop.page.HomePage.getLoggedUser(HomePage.java:95)
	at com.mapsynq.test.desktop.stepdefinitions.SigninStepDefinition.user_Sign_in_successfully(SigninStepDefinition.java:49)
	at ?.Then User Sign in successfully(SignIn.feature:10)
</pre></div>
					</li>
				</ul>
		</li>
	</ul>
</div>
					</div>
				</li>
				
				
				<li class='test displayed active has-leaf skip' status='skip' bdd='true' test-id='74'>
					<div class='test-heading'>
						<span class='test-name'>Login in using username and password</span>
						<span class='test-time'>Feb 25, 2020 08:38:30 PM</span>
						<span class='test-status right skip'>skip</span>
					</div>
					<div class='test-content hide'>
<div class='scenariooutline node' test-id='75' status='skip'>
	<span class='duration right label'>0h 0m 40s+391ms</span>
	<div class='desc'>
		<b>ScenarioOutline</b>
		<span class="desc-text">Sign in using valid username and password</span>
	</div>
	<ul class='steps'>
		<li test-id='76' class='node scenario skip' status='skip'>
			<div class='category-list'>
				<span class='category label white-text'>@FunctionalTest</span>
			</div>
			
			<b>Scenario</b>
			
			<span class="bdd-step-name">Sign in using valid username and password</span>
			
				<ul class='steps'>
					<li test-id='77' class='node given skip' status='skip'><b>Given</b>
						<span class="bdd-step-name">Given User already navigated to url in mobile browser</span>
							<div class='pre'>skipped</div>
					</li>
					<li test-id='78' class='node when skip' status='skip'><b>When</b>
						<span class="bdd-step-name">When User clicks on Login button</span>
							<div class='pre'>skipped</div>
					</li>
					<li test-id='79' class='node then skip' status='skip'><b>Then</b>
						<span class="bdd-step-name">Then Directs user to Login page</span>
							<div class='pre'>skipped</div>
					</li>
					<li test-id='80' class='node then skip' status='skip'><b>Then</b>
						<span class="bdd-step-name">Then User enters valid "nirajneeru2009@gmail.com" and "test1234" click on login button</span>
							<div class='pre'>skipped</div>
					</li>
					<li test-id='81' class='node then skip' status='skip'><b>Then</b>
						<span class="bdd-step-name">Then User login successfully</span>
							<div class='pre'>skipped</div>
					</li>
				</ul>
		</li>
	</ul>
</div>
					</div>
				</li>
				
				
				<li class='test displayed active has-leaf skip' status='skip' bdd='true' test-id='82'>
					<div class='test-heading'>
						<span class='test-name'>View incident location</span>
						<span class='test-time'>Feb 25, 2020 08:39:13 PM</span>
						<span class='test-status right skip'>skip</span>
					</div>
					<div class='test-content hide'>
<div class='scenario node' test-id='83' status='skip'>
	<div class='category-list'>
		<span class='category label white-text'>@FunctionalTest</span>
	</div>
	<span class='duration right label'>0h 0m 40s+755ms</span>
	<div class='desc'>
		<b>Scenario</b>
		<span class="desc-text">Select an incident and view incident location on map</span>
	</div>
	<ul class='steps'>
		<li test-id='84' class='node given skip' status='skip'>
			
			<b>Given</b>
			
			<span class="bdd-step-name">Given User already navigated to url in mobile browser</span>
				<div class='pre'>skipped</div>
			
		</li>
		<li test-id='85' class='node when skip' status='skip'>
			
			<b>When</b>
			
			<span class="bdd-step-name">When User clicks on traffic road conditions button</span>
				<div class='pre'>skipped</div>
			
		</li>
		<li test-id='86' class='node then skip' status='skip'>
			
			<b>Then</b>
			
			<span class="bdd-step-name">Then Directs user to traffic road conditions page</span>
				<div class='pre'>skipped</div>
			
		</li>
		<li test-id='87' class='node then skip' status='skip'>
			
			<b>Then</b>
			
			<span class="bdd-step-name">Then User select an incident</span>
				<div class='pre'>skipped</div>
			
		</li>
		<li test-id='88' class='node then skip' status='skip'>
			
			<b>Then</b>
			
			<span class="bdd-step-name">Then Display incident location on map</span>
				<div class='pre'>skipped</div>
			
		</li>
	</ul>
</div>
					</div>
				</li>
				
				
				<li class='test displayed active has-leaf skip' status='skip' bdd='true' test-id='89'>
					<div class='test-heading'>
						<span class='test-name'>View live traffic camera image</span>
						<span class='test-time'>Feb 25, 2020 08:39:54 PM</span>
						<span class='test-status right skip'>skip</span>
					</div>
					<div class='test-content hide'>
<div class='scenario node' test-id='90' status='skip'>
	<div class='category-list'>
		<span class='category label white-text'>@FunctionalTest</span>
	</div>
	<span class='duration right label'>0h 0m 40s+119ms</span>
	<div class='desc'>
		<b>Scenario</b>
		<span class="desc-text">Select a traffic camera and view live image</span>
	</div>
	<ul class='steps'>
		<li test-id='91' class='node given skip' status='skip'>
			
			<b>Given</b>
			
			<span class="bdd-step-name">Given User already navigated to url in mobile browser</span>
				<div class='pre'>skipped</div>
			
		</li>
		<li test-id='92' class='node when skip' status='skip'>
			
			<b>When</b>
			
			<span class="bdd-step-name">When User clicks on traffic camera button</span>
				<div class='pre'>skipped</div>
			
		</li>
		<li test-id='93' class='node then skip' status='skip'>
			
			<b>Then</b>
			
			<span class="bdd-step-name">Then Directs user to traffic cameras page</span>
				<div class='pre'>skipped</div>
			
		</li>
		<li test-id='94' class='node then skip' status='skip'>
			
			<b>Then</b>
			
			<span class="bdd-step-name">Then User clicks on a traffic camera</span>
				<div class='pre'>skipped</div>
			
		</li>
		<li test-id='95' class='node then skip' status='skip'>
			
			<b>Then</b>
			
			<span class="bdd-step-name">Then Systems displays live image</span>
				<div class='pre'>skipped</div>
			
		</li>
	</ul>
</div>
					</div>
				</li>
			</ul>
		</div>
	</div>
	<!-- subview left -->

	<div class='subview-right left'>
		<div class='view-summary'>
			<h5 class='test-name'></h5>

			<div id='step-filters' class="right">
				<span class="blue-text" status="info" alt="info" title="info"><i class="material-icons">info_outline</i></span>
				<span class="green-text" status="pass" alt="pass" title="pass"><i class="material-icons">check_circle</i></span>
				<span class="red-text" status="fail" alt="fail" title="fail"><i class="material-icons">cancel</i></span>
				<span class="red-text text-darken-4" status="fatal" alt="fatal" title="fatal"><i class="material-icons">cancel</i></span>
				<span class="pink-text text-lighten-1" status="error" alt="error" title="error"><i class="material-icons">error</i></span>
				<span class="orange-text" alt="warning" status="warning" title="warning"><i class="material-icons">warning</i></span>
				<span class="teal-text" status="skip" alt="skip" title="skip"><i class="material-icons">redo</i></span>
				<span status="clear" alt="Clear filters" title="Clear filters"><i class="material-icons">clear</i></span>
			</div>
		</div>
	</div>
	<!-- subview right -->

</div>
<!-- test view -->
<div id='category-view' class='view hide'>

	<section id='controls'>
		<div class='controls grey lighten-4'>
			<!-- search -->
			<div class='chip transparent' alt='Search Tests' title='Search Tests'>
				<a href="#" class='search-div'>
					<i class='material-icons'>search</i> Search
				</a>
				
				<div class='input-field left hide'>
					<input id='search-tests' type='text' class='validate browser-default' placeholder='Search Tests...'>
				</div>
				
			</div>
			<!-- search -->
		</div>
	</section>

	<div class='subview-left left'>
		
		<div class='view-summary'>
			<h5>Categories</h3>
			<ul id='category-collection' class='category-collection'>
				
				<li class='category displayed active'>
					<div class='category-heading'>
						<span class='category-name'>@FunctionalTest</span>
						<span class='category-status right'>
							<span class='label pass'>5</span>
							<span class='label fail'>5</span>
							<span class='label others'>5</span>
						</span>
					</div>
					<div class='category-content hide'>
						<div class='category-status-counts'>
							<span class='label green accent-4 white-text'>Passed: 5</span>
							<span class='label red lighten-1 white-text'>Failed: 5</span>
							<span class='label yellow darken-2 white-text'>Others: 5</span>
						</div>
					
						<div class='category-tests'>
							<table class='bordered table-results'>
								<thead>
									<tr>
										<th>Timestamp</th>
										<th>TestName</th>
										<th>Status</th>
									</tr>
								</thead>
								<tbody>
									<tr>
										<td>Feb 25, 2020 08:26:39 PM</td>
										<td class='linked' test-id='2'>Display live camera details.Test 001 -Select a camera from Info panel cameras list</td>
										<td><span class='test-status pass'>pass</span></td>
									</tr>
									<tr>
										<td>Feb 25, 2020 08:27:25 PM</td>
										<td class='linked' test-id='8'>Display live camera details.Test 002 - Select a camera from Info panel cameras list</td>
										<td><span class='test-status pass'>pass</span></td>
									</tr>
									<tr>
										<td>Feb 25, 2020 08:28:11 PM</td>
										<td class='linked' test-id='14'>Display live camera details.Test 003 - Select a camera from Info panel cameras list</td>
										<td><span class='test-status pass'>pass</span></td>
									</tr>
									<tr>
										<td>Feb 25, 2020 08:28:57 PM</td>
										<td class='linked' test-id='21'>Display live incident details.Select an incident from Info panel incident list</td>
										<td><span class='test-status pass'>pass</span></td>
									</tr>
									<tr>
										<td>Feb 25, 2020 08:29:13 PM</td>
										<td class='linked' test-id='28'>Info panel live tolls.Check toll details from info panel - live tolls</td>
										<td><span class='test-status skip'>skip</span></td>
									</tr>
									<tr>
										<td>Feb 25, 2020 08:30:19 PM</td>
										<td class='linked' test-id='35'>Map camera details view.Display camera details view of map</td>
										<td><span class='test-status fail'>fail</span></td>
									</tr>
									<tr>
										<td>Feb 25, 2020 08:31:34 PM</td>
										<td class='linked' test-id='40'>Map incident details view.Display incident details view of map</td>
										<td><span class='test-status fail'>fail</span></td>
									</tr>
									<tr>
										<td>Feb 25, 2020 08:34:17 PM</td>
										<td class='linked' test-id='45'>Map parking details view.Display parking details view of map</td>
										<td><span class='test-status fail'>fail</span></td>
									</tr>
									<tr>
										<td>Feb 25, 2020 08:35:00 PM</td>
										<td class='linked' test-id='50'>Map tolls details view.Display tolls details view of map</td>
										<td><span class='test-status fail'>fail</span></td>
									</tr>
									<tr>
										<td>Feb 25, 2020 08:36:15 PM</td>
										<td class='linked' test-id='55'>Map traffic details view.Display traffic details view of map</td>
										<td><span class='test-status skip'>skip</span></td>
									</tr>
									<tr>
										<td>Feb 25, 2020 08:37:21 PM</td>
										<td class='linked' test-id='60'>Create new mapSYNQ account.Create new mapSYNQ account using valid data</td>
										<td><span class='test-status pass'>pass</span></td>
									</tr>
									<tr>
										<td>Feb 25, 2020 08:37:41 PM</td>
										<td class='linked' test-id='68'>Sign in using username and password.Sign in using valid username and password.Sign in using valid username and password</td>
										<td><span class='test-status fail'>fail</span></td>
									</tr>
									<tr>
										<td>Feb 25, 2020 08:38:30 PM</td>
										<td class='linked' test-id='76'>Login in using username and password.Sign in using valid username and password.Sign in using valid username and password</td>
										<td><span class='test-status skip'>skip</span></td>
									</tr>
									<tr>
										<td>Feb 25, 2020 08:39:13 PM</td>
										<td class='linked' test-id='83'>View incident location.Select an incident and view incident location on map</td>
										<td><span class='test-status skip'>skip</span></td>
									</tr>
									<tr>
										<td>Feb 25, 2020 08:39:54 PM</td>
										<td class='linked' test-id='90'>View live traffic camera image.Select a traffic camera and view live image</td>
										<td><span class='test-status skip'>skip</span></td>
									</tr>
								</tbody>
							</table>
						</div>
					</div>
				</li>

			</ul>
		</div>
	</div>

	<div class='subview-right left'>
		<div class='view-summary'>
			<h5 class='category-name'></h5>
		</div>
	</div>
</div>
<!-- category view -->
<div id='exception-view' class='view hide'>

    <section id='controls'>
        <div class='controls grey lighten-4'>
            <!-- search -->
            <div class='chip transparent' alt='Search Tests' title='Search Tests'>
                <a href="#" class='search-div'>
                    <i class='material-icons'>search</i> Search
                </a>

                <div class='input-field left hide'>
                    <input id='search-tests' type='text' class='validate browser-default' placeholder='Search Tests...'>
                </div>

            </div>
            <!-- search -->
        </div>
    </section>

    <div class='subview-left left'>

        <div class='view-summary'>
            <h5>Exceptions</h3>
                <ul id='exception-collection' class='exception-collection'>

                        <li class='exception displayed active'>
                            <div class='exception-heading'>
                                <span class='exception-name'>java.lang.AssertionError</span>
                                <span class='exception-count right'><span class='label red lighten-1 white-text'>4</span></span>
                            </div>
                            <div class='exception-content hide'>
                                <div class='exception-tests'>
                                    <table class='bordered table-results'>
                                        <thead>
                                        <tr>
                                            <th>Timestamp</th>
                                            <th>TestName</th>
                                            <th>Status</th>
                                        </tr>
                                        </thead>
                                        <tbody>
                                                    <tr>
                                                        <td>Feb 25, 2020 08:30:32 PM</td>
                                                        <td class='linked' test-id='38'>Map camera details view.Display camera details view of map.Then Display cameras view on map</td>
                                                        <td><pre><pre>java.lang.AssertionError: Camera icons are not displayed
	at org.testng.Assert.fail(Assert.java:96)
	at org.testng.Assert.assertNotEquals(Assert.java:1157)
	at com.mapsynq.test.desktop.stepdefinitions.MapCamerasViewStepDefinition.display_cameras_view_on_map(MapCamerasViewStepDefinition.java:26)
	at ?.Then Display cameras view on map(MapCamerasView.feature:8)
</pre></pre></td>
                                                    </tr>
                                                    <tr>
                                                        <td>Feb 25, 2020 08:31:47 PM</td>
                                                        <td class='linked' test-id='43'>Map incident details view.Display incident details view of map.Then Display incidents view on map</td>
                                                        <td><pre><pre>java.lang.AssertionError: Incident icons are not displayed
	at org.testng.Assert.fail(Assert.java:96)
	at org.testng.Assert.assertNotEquals(Assert.java:1157)
	at com.mapsynq.test.desktop.stepdefinitions.MapIncidentsViewStepDefinition.display_incidents_view_on_map(MapIncidentsViewStepDefinition.java:27)
	at ?.Then Display incidents view on map(MapIncidentsView.feature:8)
</pre></pre></td>
                                                    </tr>
                                                    <tr>
                                                        <td>Feb 25, 2020 08:34:29 PM</td>
                                                        <td class='linked' test-id='48'>Map parking details view.Display parking details view of map.Then Display parking view on map</td>
                                                        <td><pre><pre>java.lang.AssertionError: Parking icons are not displayed
	at org.testng.Assert.fail(Assert.java:96)
	at org.testng.Assert.assertNotEquals(Assert.java:1157)
	at com.mapsynq.test.desktop.stepdefinitions.MapParkingViewStepDefinition.display_parking_view_on_map(MapParkingViewStepDefinition.java:26)
	at ?.Then Display parking view on map(MapParkingView.feature:8)
</pre></pre></td>
                                                    </tr>
                                                    <tr>
                                                        <td>Feb 25, 2020 08:35:12 PM</td>
                                                        <td class='linked' test-id='53'>Map tolls details view.Display tolls details view of map.Then Display tolls view on map</td>
                                                        <td><pre><pre>java.lang.AssertionError: Tolls icons are not displayed
	at org.testng.Assert.fail(Assert.java:96)
	at org.testng.Assert.assertNotEquals(Assert.java:1157)
	at com.mapsynq.test.desktop.stepdefinitions.MapTollsViewStepDefinition.display_tolls_view_on_map(MapTollsViewStepDefinition.java:26)
	at ?.Then Display tolls view on map(MapTollsView.feature:8)
</pre></pre></td>
                                                    </tr>
                                        </tbody>
                                    </table>
                                </div>
                            </div>
                        </li>
                        <li class='exception displayed active'>
                            <div class='exception-heading'>
                                <span class='exception-name'>org.openqa.selenium.NoSuchElementException</span>
                                <span class='exception-count right'><span class='label red lighten-1 white-text'>1</span></span>
                            </div>
                            <div class='exception-content hide'>
                                <div class='exception-tests'>
                                    <table class='bordered table-results'>
                                        <thead>
                                        <tr>
                                            <th>Timestamp</th>
                                            <th>TestName</th>
                                            <th>Status</th>
                                        </tr>
                                        </thead>
                                        <tbody>
                                                    <tr>
                                                        <td>Feb 25, 2020 08:37:58 PM</td>
                                                        <td class='linked' test-id='73'>Sign in using username and password.Sign in using valid username and password.Sign in using valid username and password.Then User Sign in successfully</td>
                                                        <td><pre><pre>org.openqa.selenium.NoSuchElementException: no such element: Unable to locate element: {"method":"xpath","selector":"//a[@href='/home/profile']"}
  (Session info: chrome=79.0.3945.130)
  (Driver info: chromedriver=2.37.544315 (730aa6a5fdba159ac9f4c1e8cbc59bf1b5ce12b7),platform=Windows NT 6.1.7601 SP1 x86_64) (WARNING: The server did not provide any stacktrace information)
Command duration or timeout: 0 milliseconds
For documentation on this error, please visit: http://seleniumhq.org/exceptions/no_such_element.html
Build info: version: '3.11.0', revision: 'e59cfb3', time: '2018-03-11T20:26:55.152Z'
System info: host: 'NIRAJ-PC', ip: '192.168.0.101', os.name: 'Windows 7', os.arch: 'amd64', os.version: '6.1', java.version: '1.8.0_131'
Driver info: org.openqa.selenium.chrome.ChromeDriver
Capabilities {acceptInsecureCerts: false, acceptSslCerts: false, applicationCacheEnabled: false, browserConnectionEnabled: false, browserName: chrome, chrome: {chromedriverVersion: 2.37.544315 (730aa6a5fdba15..., userDataDir: C:\Users\Niraj\AppData\Loca...}, cssSelectorsEnabled: true, databaseEnabled: false, handlesAlerts: true, hasTouchScreen: false, javascriptEnabled: true, locationContextEnabled: true, mobileEmulationEnabled: false, nativeEvents: true, networkConnectionEnabled: false, pageLoadStrategy: normal, platform: XP, platformName: XP, rotatable: false, setWindowRect: true, takesHeapSnapshot: true, takesScreenshot: true, unexpectedAlertBehaviour: , unhandledPromptBehavior: , version: 79.0.3945.130, webStorageEnabled: true}
Session ID: be4f9707605dad9234c2745c0b7235da
*** Element info: {Using=xpath, value=//a[@href='/home/profile']}
	at sun.reflect.NativeConstructorAccessorImpl.newInstance0(Native Method)
	at sun.reflect.NativeConstructorAccessorImpl.newInstance(NativeConstructorAccessorImpl.java:62)
	at sun.reflect.DelegatingConstructorAccessorImpl.newInstance(DelegatingConstructorAccessorImpl.java:45)
	at java.lang.reflect.Constructor.newInstance(Constructor.java:423)
	at org.openqa.selenium.remote.ErrorHandler.createThrowable(ErrorHandler.java:214)
	at org.openqa.selenium.remote.ErrorHandler.throwIfResponseFailed(ErrorHandler.java:166)
	at org.openqa.selenium.remote.http.JsonHttpResponseCodec.reconstructValue(JsonHttpResponseCodec.java:40)
	at org.openqa.selenium.remote.http.AbstractHttpResponseCodec.decode(AbstractHttpResponseCodec.java:80)
	at org.openqa.selenium.remote.http.AbstractHttpResponseCodec.decode(AbstractHttpResponseCodec.java:44)
	at org.openqa.selenium.remote.HttpCommandExecutor.execute(HttpCommandExecutor.java:158)
	at org.openqa.selenium.remote.service.DriverCommandExecutor.execute(DriverCommandExecutor.java:83)
	at org.openqa.selenium.remote.RemoteWebDriver.execute(RemoteWebDriver.java:545)
	at org.openqa.selenium.remote.RemoteWebDriver.findElement(RemoteWebDriver.java:319)
	at org.openqa.selenium.remote.RemoteWebDriver.findElementByXPath(RemoteWebDriver.java:421)
	at org.openqa.selenium.By$ByXPath.findElement(By.java:361)
	at org.openqa.selenium.remote.RemoteWebDriver.findElement(RemoteWebDriver.java:311)
	at sun.reflect.GeneratedMethodAccessor8.invoke(Unknown Source)
	at sun.reflect.DelegatingMethodAccessorImpl.invoke(DelegatingMethodAccessorImpl.java:43)
	at java.lang.reflect.Method.invoke(Method.java:498)
	at org.openqa.selenium.support.events.EventFiringWebDriver.lambda$new$1(EventFiringWebDriver.java:103)
	at com.sun.proxy.$Proxy18.findElement(Unknown Source)
	at org.openqa.selenium.support.events.EventFiringWebDriver.findElement(EventFiringWebDriver.java:186)
	at org.openqa.selenium.support.pagefactory.DefaultElementLocator.findElement(DefaultElementLocator.java:69)
	at org.openqa.selenium.support.pagefactory.internal.LocatingElementHandler.invoke(LocatingElementHandler.java:38)
	at com.sun.proxy.$Proxy21.getText(Unknown Source)
	at com.mapsynq.test.desktop.page.HomePage.getLoggedUser(HomePage.java:95)
	at com.mapsynq.test.desktop.stepdefinitions.SigninStepDefinition.user_Sign_in_successfully(SigninStepDefinition.java:49)
	at ?.Then User Sign in successfully(SignIn.feature:10)
</pre></pre></td>
                                                    </tr>
                                        </tbody>
                                    </table>
                                </div>
                            </div>
                        </li>
                </ul>
        </div>
    </div>

    <div class='subview-right left'>
        <div class='view-summary'>
            <h5 class='exception-name'></h5>
        </div>
    </div>
</div>
<!-- exception view -->
<div id='dashboard-view' class='view hide'>
	<div class='card-panel transparent np-v'>
		<h5>Dashboard</h5>

		<div class='row'>
			<div class='col s2'>
				<div class='card-panel r'>
					Features
					<div class='panel-lead'>13</div>
				</div>
			</div>
			<div class='col s2'>
				<div class='card-panel r'>
					Scenarios
					<div class='panel-lead'>15</div>
				</div>
			</div>
			<div class='col s2'>
				<div class='card-panel r'>
					Steps
					<div class='panel-lead'>65</div>
				</div>
			</div>
			<div class='col s2'>
				<div class='card-panel r'>
					Start
					<div class='panel-lead'>Feb 25, 2020 08:26:39 PM</div>
				</div>
			</div>
			<div class='col s2'>
				<div class='card-panel r'>
			 		End
			 		<div class='panel-lead'>Feb 25, 2020 08:40:36 PM</div>
				</div>
			</div>
			<div class='col s2'>
				<div class='card-panel r'>
					Time Taken
					<div class='panel-lead'>0h 13m 57s+614ms</div>
				</div>
			</div>
			<div class='col s6'>
				<div class='card-panel dashboard-categories'>
					<span class='right label cyan white-text'>Categories</span><p>&nbsp;</p>
					
					<table>
						<tr>
							<th>Name</th>
							<th>Passed</th>
							<th>Failed</th>
							<th>Others</th>
							<th>Passed %</th>
						</tr>
						<tr>
							<td>@FunctionalTest</td>
							<td>5</td>
							<td>5</td>
							<td>5</td>
							<td>
									33.333%
							</td>
						</tr>
					</table>
				</div>
			</div>
		</div>
	</div>
</div>
<!-- dashboard view -->
<!-- testrunner-logs view -->
		</div>
		<!-- container -->

		<script>
			var statusGroup = {
				passParent: 3,
				failParent: 5,
				fatalParent: 0,
				errorParent: 0,
				warningParent: 0,
				skipParent: 5,
				exceptionsParent: 10,
				
				passChild: 5,
				failChild: 5,
				fatalChild: 0,
				errorChild: 0,
				warningChild: 0,
				skipChild: 5,
				infoChild: 0,
				exceptionsChild: 10,
				
				passGrandChild: 37,
				failGrandChild: 5,
				fatalGrandChild: 0,
				errorGrandChild: 0,
				warningGrandChild: 0,
				skipGrandChild: 23,
				infoGrandChild: 0,
				exceptionsGrandChild: 28,
			};
		</script>
		
			<script src='https://cdn.rawgit.com/anshooarora/extentreports-java/fca20fb7653aade98810546ab96a2a4360e3e712/dist/js/extent.js' type='text/javascript'></script>
		
		
 		<script type='text/javascript'>
 			
      
        $(document).ready(function() {
        
        });
      
    
 		</script>
	</body>
	
</html>
